[0.342s] Invoking command in '/home/kentatuskino/ros2_ws/src/mypkg': PYTHONPATH=/home/kentatuskino/ros2_ws/src/mypkg/install/mypkg/lib/python3.8/site-packages:${PYTHONPATH} /usr/bin/python3 setup.py egg_info --egg-base build/mypkg build --build-base /home/kentatuskino/ros2_ws/src/mypkg/build/mypkg/build install --prefix /home/kentatuskino/ros2_ws/src/mypkg/install/mypkg --record /home/kentatuskino/ros2_ws/src/mypkg/build/mypkg/install.log --single-version-externally-managed
[0.454s] running egg_info
[0.454s] writing build/mypkg/mypkg.egg-info/PKG-INFO
[0.454s] writing dependency_links to build/mypkg/mypkg.egg-info/dependency_links.txt
[0.454s] writing entry points to build/mypkg/mypkg.egg-info/entry_points.txt
[0.454s] writing requirements to build/mypkg/mypkg.egg-info/requires.txt
[0.454s] writing top-level names to build/mypkg/mypkg.egg-info/top_level.txt
[0.475s] reading manifest file 'build/mypkg/mypkg.egg-info/SOURCES.txt'
[0.476s] writing manifest file 'build/mypkg/mypkg.egg-info/SOURCES.txt'
[0.476s] running build
[0.476s] running build_py
[0.476s] running install
[0.476s] running install_lib
[0.477s] running install_data
[0.478s] copying package.xml -> /home/kentatuskino/ros2_ws/src/mypkg/install/mypkg/share/mypkg
[0.478s] copying launch/talk_listen.launch.py -> /home/kentatuskino/ros2_ws/src/mypkg/install/mypkg/share/mypkg
[0.478s] running install_egg_info
[0.479s] removing '/home/kentatuskino/ros2_ws/src/mypkg/install/mypkg/lib/python3.8/site-packages/mypkg-0.0.0-py3.8.egg-info' (and everything under it)
[0.479s] Copying build/mypkg/mypkg.egg-info to /home/kentatuskino/ros2_ws/src/mypkg/install/mypkg/lib/python3.8/site-packages/mypkg-0.0.0-py3.8.egg-info
[0.479s] running install_scripts
[0.489s] Installing listener script to /home/kentatuskino/ros2_ws/src/mypkg/install/mypkg/lib/mypkg
[0.489s] Installing talker script to /home/kentatuskino/ros2_ws/src/mypkg/install/mypkg/lib/mypkg
[0.490s] writing list of installed files to '/home/kentatuskino/ros2_ws/src/mypkg/build/mypkg/install.log'
[0.502s] Invoked command in '/home/kentatuskino/ros2_ws/src/mypkg' returned '0': PYTHONPATH=/home/kentatuskino/ros2_ws/src/mypkg/install/mypkg/lib/python3.8/site-packages:${PYTHONPATH} /usr/bin/python3 setup.py egg_info --egg-base build/mypkg build --build-base /home/kentatuskino/ros2_ws/src/mypkg/build/mypkg/build install --prefix /home/kentatuskino/ros2_ws/src/mypkg/install/mypkg --record /home/kentatuskino/ros2_ws/src/mypkg/build/mypkg/install.log --single-version-externally-managed
