[0.497s] Invoking command in '/home/kentatuskino/ros2_ws/src/mypkg': PYTHONPATH=/home/kentatuskino/ros2_ws/src/mypkg/install/mypkg/lib/python3.8/site-packages:${PYTHONPATH} /usr/bin/python3 setup.py egg_info --egg-base build/mypkg build --build-base /home/kentatuskino/ros2_ws/src/mypkg/build/mypkg/build install --prefix /home/kentatuskino/ros2_ws/src/mypkg/install/mypkg --record /home/kentatuskino/ros2_ws/src/mypkg/build/mypkg/install.log --single-version-externally-managed
[0.620s] running egg_info
[0.620s] creating build/mypkg/mypkg.egg-info
[0.620s] writing build/mypkg/mypkg.egg-info/PKG-INFO
[0.620s] writing dependency_links to build/mypkg/mypkg.egg-info/dependency_links.txt
[0.620s] writing entry points to build/mypkg/mypkg.egg-info/entry_points.txt
[0.620s] writing requirements to build/mypkg/mypkg.egg-info/requires.txt
[0.620s] writing top-level names to build/mypkg/mypkg.egg-info/top_level.txt
[0.627s] writing manifest file 'build/mypkg/mypkg.egg-info/SOURCES.txt'
[0.651s] reading manifest file 'build/mypkg/mypkg.egg-info/SOURCES.txt'
[0.652s] writing manifest file 'build/mypkg/mypkg.egg-info/SOURCES.txt'
[0.652s] running build
[0.652s] running build_py
[0.652s] creating /home/kentatuskino/ros2_ws/src/mypkg/build/mypkg/build
[0.652s] creating /home/kentatuskino/ros2_ws/src/mypkg/build/mypkg/build/lib
[0.652s] creating /home/kentatuskino/ros2_ws/src/mypkg/build/mypkg/build/lib/mypkg
[0.652s] copying mypkg/talker.py -> /home/kentatuskino/ros2_ws/src/mypkg/build/mypkg/build/lib/mypkg
[0.653s] copying mypkg/listener.py -> /home/kentatuskino/ros2_ws/src/mypkg/build/mypkg/build/lib/mypkg
[0.653s] copying mypkg/__init__.py -> /home/kentatuskino/ros2_ws/src/mypkg/build/mypkg/build/lib/mypkg
[0.653s] running install
[0.654s] running install_lib
[0.654s] creating /home/kentatuskino/ros2_ws/src/mypkg/install/mypkg/lib/python3.8/site-packages/mypkg
[0.654s] copying /home/kentatuskino/ros2_ws/src/mypkg/build/mypkg/build/lib/mypkg/talker.py -> /home/kentatuskino/ros2_ws/src/mypkg/install/mypkg/lib/python3.8/site-packages/mypkg
[0.654s] copying /home/kentatuskino/ros2_ws/src/mypkg/build/mypkg/build/lib/mypkg/listener.py -> /home/kentatuskino/ros2_ws/src/mypkg/install/mypkg/lib/python3.8/site-packages/mypkg
[0.654s] copying /home/kentatuskino/ros2_ws/src/mypkg/build/mypkg/build/lib/mypkg/__init__.py -> /home/kentatuskino/ros2_ws/src/mypkg/install/mypkg/lib/python3.8/site-packages/mypkg
[0.655s] byte-compiling /home/kentatuskino/ros2_ws/src/mypkg/install/mypkg/lib/python3.8/site-packages/mypkg/talker.py to talker.cpython-38.pyc
[0.656s] byte-compiling /home/kentatuskino/ros2_ws/src/mypkg/install/mypkg/lib/python3.8/site-packages/mypkg/listener.py to listener.cpython-38.pyc
[0.656s] byte-compiling /home/kentatuskino/ros2_ws/src/mypkg/install/mypkg/lib/python3.8/site-packages/mypkg/__init__.py to __init__.cpython-38.pyc
[0.656s] running install_data
[0.656s] creating /home/kentatuskino/ros2_ws/src/mypkg/install/mypkg/share/ament_index
[0.656s] creating /home/kentatuskino/ros2_ws/src/mypkg/install/mypkg/share/ament_index/resource_index
[0.657s] creating /home/kentatuskino/ros2_ws/src/mypkg/install/mypkg/share/ament_index/resource_index/packages
[0.657s] copying resource/mypkg -> /home/kentatuskino/ros2_ws/src/mypkg/install/mypkg/share/ament_index/resource_index/packages
[0.657s] copying package.xml -> /home/kentatuskino/ros2_ws/src/mypkg/install/mypkg/share/mypkg
[0.657s] running install_egg_info
[0.657s] Copying build/mypkg/mypkg.egg-info to /home/kentatuskino/ros2_ws/src/mypkg/install/mypkg/lib/python3.8/site-packages/mypkg-0.0.0-py3.8.egg-info
[0.658s] running install_scripts
[0.668s] Installing listener script to /home/kentatuskino/ros2_ws/src/mypkg/install/mypkg/lib/mypkg
[0.669s] Installing talker script to /home/kentatuskino/ros2_ws/src/mypkg/install/mypkg/lib/mypkg
[0.669s] writing list of installed files to '/home/kentatuskino/ros2_ws/src/mypkg/build/mypkg/install.log'
[0.683s] Invoked command in '/home/kentatuskino/ros2_ws/src/mypkg' returned '0': PYTHONPATH=/home/kentatuskino/ros2_ws/src/mypkg/install/mypkg/lib/python3.8/site-packages:${PYTHONPATH} /usr/bin/python3 setup.py egg_info --egg-base build/mypkg build --build-base /home/kentatuskino/ros2_ws/src/mypkg/build/mypkg/build install --prefix /home/kentatuskino/ros2_ws/src/mypkg/install/mypkg --record /home/kentatuskino/ros2_ws/src/mypkg/build/mypkg/install.log --single-version-externally-managed
